[05:46:39 pm] [INFO] <=== Starting Scenario: checking dropdowns ===>
[05:46:40 pm] [DEBUG] Parsing relationship: /xl/_rels/workbook.xml.rels
[05:46:40 pm] [DEBUG] Parsing relationship: /xl/worksheets/_rels/sheet1.xml.rels
[05:46:40 pm] [DEBUG] Parsing relationship: /xl/worksheets/_rels/sheet2.xml.rels
[05:46:40 pm] [DEBUG] Parsing relationship: /_rels/.rels
[05:46:40 pm] [DEBUG] using default POIXMLDocumentPart for http://schemas.openxmlformats.org/officeDocument/2006/relationships/printerSettings
[05:46:40 pm] [DEBUG] Using WebDriverManager 6.3.3
[05:46:40 pm] [DEBUG] Resolution edge=143 in cache (valid until 18:12:57 07/12/2025 IST)
[05:46:40 pm] [DEBUG] Resolution edge143=143.0.3650.66 in cache (valid until 14:52:23 08/12/2025 IST)
[05:46:40 pm] [INFO] Using msedgedriver 143.0.3650.66 (resolved driver for Edge 143)
[05:46:40 pm] [DEBUG] Driver msedgedriver 143.0.3650.66 found in cache
[05:46:40 pm] [INFO] Exporting webdriver.edge.driver as C:\Users\ASUS\.cache\selenium\msedgedriver\win64\143.0.3650.66\msedgedriver.exe
[05:46:42 pm] [INFO] Step [Passed]: And the web application URL is launched in a NewWindow
[05:46:42 pm] [INFO] Step [Passed]: User selects valuelndex "3" from the "drop" dropdown at the "LoginPage" page
[05:46:45 pm] [INFO] Step [Passed]: And the user waits for "2" seconds 
[05:46:45 pm] [INFO] Step [Passed]: User selects value "AED" from the "drop" dropdown at the "LoginPage" page
[05:46:47 pm] [INFO] Step [Passed]: And the user waits for "2" seconds 
[05:46:48 pm] [INFO] Step [Passed]: User click the "passengers" element at "LoginPage" page
[05:46:48 pm] [INFO] Step [Passed]: User clicks the "adults" element "5" element "LoginPage" page
[05:46:49 pm] [INFO] Step [Passed]: User click the "done_button" element at "LoginPage" page
[05:46:51 pm] [INFO] Step [Passed]: And the user waits for "2" seconds 
[05:46:52 pm] [INFO] Step [Passed]: User click the "from" element at "LoginPage" page
[05:46:52 pm] [INFO] Step [Passed]: User click the "pune" element at "LoginPage" page
[05:46:53 pm] [INFO] Step [Passed]: User click the "hyd" element at "LoginPage" page
[05:46:53 pm] [INFO] Step [Passed]: User click the "currentdate" element at "LoginPage" page
[05:46:55 pm] [INFO] Step [Passed]: And the user waits for "2" seconds 
[05:46:56 pm] [DEBUG] Save core properties part
[05:46:56 pm] [DEBUG] Save content types part
[05:46:56 pm] [DEBUG] Save package relationships
[05:46:56 pm] [DEBUG] Save part 'docProps/app.xml'
[05:46:56 pm] [DEBUG] Save part 'docProps/core.xml'
[05:46:56 pm] [DEBUG] Save part 'word/document.xml'
[05:46:56 pm] [DEBUG] Save part 'word/media/image1.png'
[05:46:56 pm] [DEBUG] Save part 'word/media/image2.png'
[05:46:56 pm] [DEBUG] Save part 'word/media/image3.png'
[05:46:56 pm] [DEBUG] Save part 'word/media/image4.png'
[05:46:56 pm] [DEBUG] Save part 'word/media/image5.png'
[05:46:56 pm] [DEBUG] Save part 'word/media/image6.png'
[05:46:56 pm] [DEBUG] Save part 'word/media/image7.png'
[05:46:56 pm] [DEBUG] Save part 'word/media/image8.png'
[05:46:56 pm] [DEBUG] Save part 'word/media/image9.png'
[05:46:56 pm] [DEBUG] Save part 'word/media/image10.png'
[05:46:56 pm] [DEBUG] Save part 'word/media/image11.png'
[05:46:56 pm] [DEBUG] Save part 'word/media/image12.png'
[05:46:56 pm] [DEBUG] Save part 'word/media/image13.png'
[05:46:56 pm] [DEBUG] Save part 'word/media/image14.png'
[05:46:56 pm] [DEBUG] Save part 'word/settings.xml'
[05:46:56 pm] [INFO] <=== Starting Scenario: checking uploadfiles ===>
[05:46:56 pm] [ERROR] Screenshot capture skipped: Driver not initialized. Please call initializeDriver() first
[05:46:56 pm] [DEBUG] Parsing relationship: /xl/_rels/workbook.xml.rels
[05:46:56 pm] [DEBUG] Parsing relationship: /xl/worksheets/_rels/sheet1.xml.rels
[05:46:56 pm] [DEBUG] Parsing relationship: /xl/worksheets/_rels/sheet2.xml.rels
[05:46:56 pm] [DEBUG] Parsing relationship: /_rels/.rels
[05:46:56 pm] [DEBUG] using default POIXMLDocumentPart for http://schemas.openxmlformats.org/officeDocument/2006/relationships/printerSettings
[05:46:56 pm] [ERROR] Screenshot capture skipped: Driver not initialized. Please call initializeDriver() first
[05:46:56 pm] [DEBUG] Using WebDriverManager 6.3.3
[05:46:56 pm] [DEBUG] Resolution edge=143 in cache (valid until 18:12:57 07/12/2025 IST)
[05:46:56 pm] [DEBUG] Resolution edge143=143.0.3650.66 in cache (valid until 14:52:23 08/12/2025 IST)
[05:46:56 pm] [INFO] Using msedgedriver 143.0.3650.66 (resolved driver for Edge 143)
[05:46:56 pm] [DEBUG] Driver msedgedriver 143.0.3650.66 found in cache
[05:46:56 pm] [INFO] Exporting webdriver.edge.driver as C:\Users\ASUS\.cache\selenium\msedgedriver\win64\143.0.3650.66\msedgedriver.exe
[05:46:57 pm] [INFO] Step [Passed]: And the web application URL is launched in a NewWindow
[05:47:03 pm] [INFO] Step [Passed]: And the user waits for "5" seconds 
[05:47:03 pm] [INFO] Step [Passed]: User uploads file "\\Downloads\\download.xlsx" into "Choosefile" in "WHPage" page
[05:47:03 pm] [INFO] Step [Passed]: And the user Get the text from"invisibletext" in "WHPage" page
[05:47:06 pm] [INFO] Step [Passed]: And the user waits for "2" seconds 
[05:47:06 pm] [DEBUG] Save content types part
[05:47:06 pm] [DEBUG] Save package relationships
[05:47:06 pm] [DEBUG] Save part 'docProps/app.xml'
[05:47:06 pm] [DEBUG] Save part 'docProps/core.xml'
[05:47:06 pm] [DEBUG] Save part 'word/document.xml'
[05:47:06 pm] [DEBUG] Save part 'word/media/image1.png'
[05:47:06 pm] [DEBUG] Save part 'word/media/image2.png'
[05:47:06 pm] [DEBUG] Save part 'word/media/image3.png'
[05:47:06 pm] [DEBUG] Save part 'word/media/image4.png'
[05:47:06 pm] [DEBUG] Save part 'word/media/image5.png'
[05:47:06 pm] [DEBUG] Save part 'word/media/image6.png'
[05:47:06 pm] [DEBUG] Save part 'word/media/image7.png'
[05:47:06 pm] [DEBUG] Save part 'word/media/image8.png'
[05:47:06 pm] [DEBUG] Save part 'word/media/image9.png'
[05:47:06 pm] [DEBUG] Save part 'word/media/image10.png'
[05:47:06 pm] [DEBUG] Save part 'word/media/image11.png'
[05:47:06 pm] [DEBUG] Save part 'word/media/image12.png'
[05:47:06 pm] [DEBUG] Save part 'word/media/image13.png'
[05:47:06 pm] [DEBUG] Save part 'word/media/image14.png'
[05:47:06 pm] [DEBUG] Save part 'word/settings.xml'
[05:47:06 pm] [DEBUG] Save core properties part
[05:47:06 pm] [DEBUG] Save content types part
[05:47:06 pm] [DEBUG] Save package relationships
[05:47:06 pm] [DEBUG] Save part 'docProps/app.xml'
[05:47:06 pm] [DEBUG] Save part 'docProps/core.xml'
[05:47:06 pm] [DEBUG] Save part 'word/document.xml'
[05:47:06 pm] [DEBUG] Save part 'word/media/image1.png'
[05:47:06 pm] [DEBUG] Save part 'word/media/image2.png'
[05:47:06 pm] [DEBUG] Save part 'word/media/image3.png'
[05:47:06 pm] [DEBUG] Save part 'word/media/image4.png'
[05:47:06 pm] [DEBUG] Save part 'word/media/image5.png'
[05:47:06 pm] [DEBUG] Save part 'word/settings.xml'
[05:47:06 pm] [INFO] [TestNG] Time taken by org.testng.reporters.jq.Main@61359e87: 37 ms
[05:47:06 pm] [INFO] [TestNG] Time taken by org.testng.reporters.FailedReporter@2f2e4bde: 1 ms
[05:47:06 pm] [INFO] [TestNG] Time taken by org.testng.reporters.XMLReporter@48d739f: 7 ms
[05:47:06 pm] [INFO] [TestNG] Time taken by org.testng.reporters.EmailableReporter2@3fb450d7: 5 ms
[05:47:06 pm] [INFO] [TestNG] Time taken by org.testng.reporters.JUnitReportReporter@bbb6f0: 3 ms
[05:47:06 pm] [INFO] [TestNG] Time taken by org.testng.internal.ExitCodeListener@3e6ec74: 1 ms
