[11:23:18 pm] [INFO] <=== Starting Scenario: Launch instagram ===>
[11:23:22 pm] [INFO] Step [Passed]: Launch "instagram" WebPage
[11:23:22 pm] [INFO] Step [Passed]: Enter UserName "subbu" into "Username1" textbox at "LoginPage" page
[11:23:22 pm] [INFO] Step [Passed]: Enter Password "pass_a" into "Password2" textbox at "LoginPage" page
[11:23:23 pm] [INFO] Step [Passed]: Click "login_button1" element at "LoginPage" page
[11:23:24 pm] [DEBUG] Save core properties part
[11:23:24 pm] [DEBUG] Save content types part
[11:23:24 pm] [DEBUG] Save package relationships
[11:23:24 pm] [DEBUG] Save part 'docProps/app.xml'
[11:23:24 pm] [DEBUG] Save part 'docProps/core.xml'
[11:23:24 pm] [DEBUG] Save part 'word/document.xml'
[11:23:24 pm] [DEBUG] Save part 'word/media/image1.png'
[11:23:24 pm] [DEBUG] Save part 'word/media/image2.png'
[11:23:24 pm] [DEBUG] Save part 'word/media/image3.png'
[11:23:24 pm] [DEBUG] Save part 'word/media/image4.png'
[11:23:24 pm] [DEBUG] Save part 'word/settings.xml'
[11:23:24 pm] [INFO] <=== Starting Scenario: Launch instagram ===>
[11:23:28 pm] [INFO] Step [Passed]: Launch "instagram" WebPage
[11:23:28 pm] [INFO] Step [Passed]: Enter UserName "arise" into "Username1" textbox at "LoginPage" page
[11:23:28 pm] [INFO] Step [Passed]: Enter Password "pass_b" into "Password2" textbox at "LoginPage" page
[11:23:28 pm] [INFO] Step [Passed]: Click "login_button1" element at "LoginPage" page
[11:23:30 pm] [DEBUG] Save content types part
[11:23:30 pm] [DEBUG] Save package relationships
[11:23:30 pm] [DEBUG] Save part 'docProps/app.xml'
[11:23:30 pm] [DEBUG] Save part 'docProps/core.xml'
[11:23:30 pm] [DEBUG] Save part 'word/document.xml'
[11:23:30 pm] [DEBUG] Save part 'word/media/image1.png'
[11:23:30 pm] [DEBUG] Save part 'word/media/image2.png'
[11:23:30 pm] [DEBUG] Save part 'word/media/image3.png'
[11:23:30 pm] [DEBUG] Save part 'word/media/image4.png'
[11:23:30 pm] [DEBUG] Save part 'word/media/image5.png'
[11:23:30 pm] [DEBUG] Save part 'word/media/image6.png'
[11:23:30 pm] [DEBUG] Save part 'word/media/image7.png'
[11:23:30 pm] [DEBUG] Save part 'word/settings.xml'
