[12:12:23 am] [INFO] <=== Starting Scenario: Launch instagram ===>
[12:12:28 am] [INFO] Step [Passed]: Launch "instagram" WebPage
[12:12:28 am] [INFO] Step [Passed]: Enter UserName "subbu" into "Username1" textbox at "LoginPage" page
[12:12:28 am] [INFO] Step [Passed]: Enter Password "pass_a" into "Password2" textbox at "LoginPage" page
[12:12:29 am] [INFO] Step [Passed]: Click "login_button1" element at "LoginPage" page
[12:12:30 am] [DEBUG] Save core properties part
[12:12:30 am] [DEBUG] Save content types part
[12:12:30 am] [DEBUG] Save package relationships
[12:12:30 am] [DEBUG] Save part 'docProps/app.xml'
[12:12:30 am] [DEBUG] Save part 'docProps/core.xml'
[12:12:30 am] [DEBUG] Save part 'word/document.xml'
[12:12:30 am] [DEBUG] Save part 'word/media/image1.png'
[12:12:30 am] [DEBUG] Save part 'word/media/image2.png'
[12:12:30 am] [DEBUG] Save part 'word/media/image3.png'
[12:12:30 am] [DEBUG] Save part 'word/media/image4.png'
[12:12:30 am] [DEBUG] Save part 'word/settings.xml'
[12:12:30 am] [INFO] <=== Starting Scenario: Launch instagram ===>
[12:12:34 am] [INFO] Step [Passed]: Launch "instagram" WebPage
[12:12:34 am] [INFO] Step [Passed]: Enter UserName "arise" into "Username1" textbox at "LoginPage" page
[12:12:35 am] [INFO] Step [Passed]: Enter Password "pass_b" into "Password2" textbox at "LoginPage" page
[12:12:35 am] [INFO] Step [Passed]: Click "login_button1" element at "LoginPage" page
[12:12:36 am] [DEBUG] Save content types part
[12:12:36 am] [DEBUG] Save package relationships
[12:12:36 am] [DEBUG] Save part 'docProps/app.xml'
[12:12:36 am] [DEBUG] Save part 'docProps/core.xml'
[12:12:36 am] [DEBUG] Save part 'word/document.xml'
[12:12:36 am] [DEBUG] Save part 'word/media/image1.png'
[12:12:36 am] [DEBUG] Save part 'word/media/image2.png'
[12:12:36 am] [DEBUG] Save part 'word/media/image3.png'
[12:12:36 am] [DEBUG] Save part 'word/media/image4.png'
[12:12:36 am] [DEBUG] Save part 'word/media/image5.png'
[12:12:36 am] [DEBUG] Save part 'word/media/image6.png'
[12:12:36 am] [DEBUG] Save part 'word/media/image7.png'
[12:12:36 am] [DEBUG] Save part 'word/media/image8.png'
[12:12:36 am] [DEBUG] Save part 'word/settings.xml'
[12:12:36 am] [INFO] <=== Starting Scenario: Launch Automation_Practice_Url ===>
[12:12:42 am] [INFO] Step [Passed]: Launch "Automation_Practice_Url" WebPage
[12:12:43 am] [INFO] Step [Passed]: Enter UserName "username" into "Username" textbox at "LoginPage" page
[12:12:43 am] [INFO] Step [Passed]: Enter Password "password" into "Password" textbox at "LoginPage" page
[12:12:45 am] [INFO] Step [Passed]: Click "login_button" element at "LoginPage" page
[12:12:46 am] [DEBUG] Save core properties part
[12:12:46 am] [DEBUG] Save content types part
[12:12:46 am] [DEBUG] Save package relationships
[12:12:46 am] [DEBUG] Save part 'docProps/app.xml'
[12:12:46 am] [DEBUG] Save part 'docProps/core.xml'
[12:12:46 am] [DEBUG] Save part 'word/document.xml'
[12:12:46 am] [DEBUG] Save part 'word/media/image1.png'
[12:12:46 am] [DEBUG] Save part 'word/media/image2.png'
[12:12:46 am] [DEBUG] Save part 'word/media/image3.png'
[12:12:46 am] [DEBUG] Save part 'word/media/image4.png'
[12:12:46 am] [DEBUG] Save part 'word/settings.xml'
[12:12:46 am] [DEBUG] Save content types part
[12:12:46 am] [DEBUG] Save package relationships
[12:12:46 am] [DEBUG] Save part 'docProps/app.xml'
[12:12:46 am] [DEBUG] Save part 'docProps/core.xml'
[12:12:46 am] [DEBUG] Save part 'word/document.xml'
[12:12:46 am] [DEBUG] Save part 'word/media/image1.png'
[12:12:46 am] [DEBUG] Save part 'word/media/image2.png'
[12:12:46 am] [DEBUG] Save part 'word/media/image3.png'
[12:12:46 am] [DEBUG] Save part 'word/media/image4.png'
[12:12:46 am] [DEBUG] Save part 'word/media/image5.png'
[12:12:46 am] [DEBUG] Save part 'word/media/image6.png'
[12:12:46 am] [DEBUG] Save part 'word/media/image7.png'
[12:12:46 am] [DEBUG] Save part 'word/media/image8.png'
[12:12:46 am] [DEBUG] Save part 'word/settings.xml'
[12:12:46 am] [INFO] <=== Starting Scenario: Launch Automation_Practice_Url123 ===>
[12:12:54 am] [INFO] Step [Passed]: Launch "Automation_Practice_Url" WebPage
[12:12:54 am] [INFO] Step [Passed]: Enter UserName "username" into "Username" textbox at "LoginPage" page
[12:12:54 am] [INFO] Step [Passed]: Enter Password "password" into "Password" textbox at "LoginPage" page
[12:12:56 am] [INFO] Step [Passed]: Click "login_button" element at "LoginPage" page
[12:12:57 am] [DEBUG] Save content types part
[12:12:57 am] [DEBUG] Save package relationships
[12:12:57 am] [DEBUG] Save part 'docProps/app.xml'
[12:12:57 am] [DEBUG] Save part 'docProps/core.xml'
[12:12:57 am] [DEBUG] Save part 'word/document.xml'
[12:12:57 am] [DEBUG] Save part 'word/media/image1.png'
[12:12:57 am] [DEBUG] Save part 'word/media/image2.png'
[12:12:57 am] [DEBUG] Save part 'word/media/image3.png'
[12:12:57 am] [DEBUG] Save part 'word/media/image4.png'
[12:12:57 am] [DEBUG] Save part 'word/media/image5.png'
[12:12:57 am] [DEBUG] Save part 'word/media/image6.png'
[12:12:57 am] [DEBUG] Save part 'word/settings.xml'
[12:12:57 am] [DEBUG] Save content types part
[12:12:57 am] [DEBUG] Save package relationships
[12:12:57 am] [DEBUG] Save part 'docProps/app.xml'
[12:12:57 am] [DEBUG] Save part 'docProps/core.xml'
[12:12:57 am] [DEBUG] Save part 'word/document.xml'
[12:12:57 am] [DEBUG] Save part 'word/media/image1.png'
[12:12:57 am] [DEBUG] Save part 'word/media/image2.png'
[12:12:57 am] [DEBUG] Save part 'word/media/image3.png'
[12:12:57 am] [DEBUG] Save part 'word/media/image4.png'
[12:12:57 am] [DEBUG] Save part 'word/media/image5.png'
[12:12:57 am] [DEBUG] Save part 'word/media/image6.png'
[12:12:57 am] [DEBUG] Save part 'word/media/image7.png'
[12:12:57 am] [DEBUG] Save part 'word/media/image8.png'
[12:12:57 am] [DEBUG] Save part 'word/settings.xml'
