[05:02:13 pm] [INFO] <=== Starting Scenario: check windowhandles ===>
[05:02:18 pm] [INFO] Step [Passed]: Launch "WindowHandlePage" WebPage
[05:02:18 pm] [INFO] Step [Passed]: User click the "Tab_Button" element at "WHPage" page
[05:02:21 pm] [INFO] Step [Passed]: And the user waits for "2" seconds 
[05:02:21 pm] [INFO] Step [Passed]: Then the user switch to "firstWindow"
[05:02:21 pm] [INFO] Step [Passed]: And the user closes the current tab
[05:02:26 pm] [INFO] Step [Passed]: And the user waits for "5" seconds 
[05:02:27 pm] [INFO] Step [Passed]: User click the "Tab_Button" element at "WHPage" page
[05:02:32 pm] [INFO] Step [Passed]: And the user waits for "5" seconds 
[05:02:32 pm] [DEBUG] Save core properties part
[05:02:32 pm] [DEBUG] Save content types part
[05:02:32 pm] [DEBUG] Save package relationships
[05:02:32 pm] [DEBUG] Save part 'docProps/app.xml'
[05:02:32 pm] [DEBUG] Save part 'docProps/core.xml'
[05:02:32 pm] [DEBUG] Save part 'word/document.xml'
[05:02:32 pm] [DEBUG] Save part 'word/media/image1.png'
[05:02:32 pm] [DEBUG] Save part 'word/media/image2.png'
[05:02:32 pm] [DEBUG] Save part 'word/media/image3.png'
[05:02:32 pm] [DEBUG] Save part 'word/media/image4.png'
[05:02:32 pm] [DEBUG] Save part 'word/settings.xml'
