[03:29:31 pm] [INFO] <=== Starting Scenario: check windowhandles ===>
[03:29:33 pm] [INFO] Step [Passed]: Launch "alertspage" WebPage
[03:29:34 pm] [INFO] Step [Passed]: User click the "click" element at "WHPage" page
[03:29:34 pm] [ERROR] Screenshot capture skipped: unexpected alert open: {Alert text : Press a button!}
  (Session info: MicrosoftEdge=142.0.3595.94): Press a button!
Build info: version: '4.35.0', revision: '1c58e5028b'
System info: os.name: 'Windows 11', os.arch: 'amd64', os.version: '10.0', java.version: '24'
Driver info: org.openqa.selenium.edge.EdgeDriver
Command: [e11579d3151b8b9c41b592a818428a89, screenshot {}]
Capabilities {acceptInsecureCerts: false, browserName: MicrosoftEdge, browserVersion: 142.0.3595.94, fedcm:accounts: true, goog:processID: 23684, ms:edgeOptions: {debuggerAddress: localhost:54837}, msedge: {msedgedriverVersion: 142.0.3595.94 (6565d6e52817..., userDataDir: C:\Users\ASUS\AppData\Local...}, networkConnectionEnabled: false, pageLoadStrategy: normal, platformName: windows, proxy: Proxy(), se:cdp: ws://localhost:54837/devtoo..., se:cdpVersion: 142.0.3595.94, setWindowRect: true, strictFileInteractability: false, timeouts: {implicit: 0, pageLoad: 300000, script: 30000}, unhandledPromptBehavior: dismiss and notify, webauthn:extension:credBlob: true, webauthn:extension:largeBlob: true, webauthn:extension:minPinLength: true, webauthn:extension:prf: true, webauthn:virtualAuthenticators: true}
Session ID: e11579d3151b8b9c41b592a818428a89
[03:29:44 pm] [INFO] Step [Passed]: Then the user switches to alert and click CANCEL button
[03:29:44 pm] [DEBUG] Save core properties part
[03:29:44 pm] [DEBUG] Save content types part
[03:29:44 pm] [DEBUG] Save package relationships
[03:29:44 pm] [DEBUG] Save part 'docProps/app.xml'
[03:29:44 pm] [DEBUG] Save part 'docProps/core.xml'
[03:29:44 pm] [DEBUG] Save part 'word/document.xml'
[03:29:44 pm] [DEBUG] Save part 'word/media/image1.png'
[03:29:44 pm] [DEBUG] Save part 'word/media/image2.png'
[03:29:44 pm] [DEBUG] Save part 'word/settings.xml'
