[05:07:21 pm] [INFO] <=== Starting Scenario: check windowhandles ===>
[05:07:27 pm] [INFO] Step [Passed]: Launch "WindowHandlePage" WebPage
[05:07:28 pm] [INFO] Step [Passed]: User click the "Tab_Button" element at "WHPage" page
[05:07:30 pm] [INFO] Step [Passed]: And the user waits for "2" seconds 
[05:07:31 pm] [INFO] Step [Passed]: Then the user switch to "firstWindow"
[05:07:31 pm] [INFO] Step [Passed]: And the user closes the current tab
[05:07:36 pm] [INFO] Step [Passed]: And the user waits for "5" seconds 
[05:07:36 pm] [INFO] Step [Passed]: User click the "Tab_Button" element at "WHPage" page
[05:07:42 pm] [INFO] Step [Passed]: And the user waits for "5" seconds 
[05:07:42 pm] [DEBUG] Save core properties part
[05:07:42 pm] [DEBUG] Save content types part
[05:07:42 pm] [DEBUG] Save package relationships
[05:07:42 pm] [DEBUG] Save part 'docProps/app.xml'
[05:07:42 pm] [DEBUG] Save part 'docProps/core.xml'
[05:07:42 pm] [DEBUG] Save part 'word/document.xml'
[05:07:42 pm] [DEBUG] Save part 'word/media/image1.png'
[05:07:42 pm] [DEBUG] Save part 'word/media/image2.png'
[05:07:42 pm] [DEBUG] Save part 'word/media/image3.png'
[05:07:42 pm] [DEBUG] Save part 'word/media/image4.png'
[05:07:42 pm] [DEBUG] Save part 'word/settings.xml'
