[02:43:26 pm] [INFO] <=== Starting Scenario: check windowhandles ===>
[02:43:28 pm] [INFO] Step [Passed]: Launch "alertspage" WebPage
[02:43:28 pm] [INFO] Step [Passed]: User click the "click" element at "WHPage" page
[02:43:28 pm] [ERROR] Screenshot capture skipped: unexpected alert open: {Alert text : cheese}
  (Session info: MicrosoftEdge=142.0.3595.94): cheese
Build info: version: '4.35.0', revision: '1c58e5028b'
System info: os.name: 'Windows 11', os.arch: 'amd64', os.version: '10.0', java.version: '24'
Driver info: org.openqa.selenium.edge.EdgeDriver
Command: [38f8f03cc09ed647ff6503cbad8e02f1, screenshot {}]
Capabilities {acceptInsecureCerts: false, browserName: MicrosoftEdge, browserVersion: 142.0.3595.94, fedcm:accounts: true, goog:processID: 10652, ms:edgeOptions: {debuggerAddress: localhost:58643}, msedge: {msedgedriverVersion: 142.0.3595.94 (6565d6e52817..., userDataDir: C:\Users\ASUS\AppData\Local...}, networkConnectionEnabled: false, pageLoadStrategy: normal, platformName: windows, proxy: Proxy(), se:cdp: ws://localhost:58643/devtoo..., se:cdpVersion: 142.0.3595.94, setWindowRect: true, strictFileInteractability: false, timeouts: {implicit: 0, pageLoad: 300000, script: 30000}, unhandledPromptBehavior: dismiss and notify, webauthn:extension:credBlob: true, webauthn:extension:largeBlob: true, webauthn:extension:minPinLength: true, webauthn:extension:prf: true, webauthn:virtualAuthenticators: true}
Session ID: 38f8f03cc09ed647ff6503cbad8e02f1
[02:43:33 pm] [INFO] Step [Passed]: And the user waits for "5" seconds 
[02:43:44 pm] [INFO] Step [Passed]: Then the user switches to alert and click OK button
[02:43:44 pm] [DEBUG] Save core properties part
[02:43:44 pm] [DEBUG] Save content types part
[02:43:44 pm] [DEBUG] Save package relationships
[02:43:44 pm] [DEBUG] Save part 'docProps/app.xml'
[02:43:44 pm] [DEBUG] Save part 'docProps/core.xml'
[02:43:44 pm] [DEBUG] Save part 'word/document.xml'
[02:43:44 pm] [DEBUG] Save part 'word/media/image1.png'
[02:43:44 pm] [DEBUG] Save part 'word/media/image2.png'
[02:43:44 pm] [DEBUG] Save part 'word/settings.xml'
