[04:53:39 pm] [INFO] <=== Starting Scenario: check windowhandles ===>
[04:53:44 pm] [INFO] Step [Passed]: Launch "WindowHandlePage" WebPage
[04:53:45 pm] [INFO] Step [Passed]: User click the "Tab_Button" element at "WHPage" page
[04:53:47 pm] [INFO] Step [Passed]: And the user waits for "2" seconds 
[04:53:47 pm] [INFO] Step [Passed]: Then the user switch to "firstWindow"
[04:53:47 pm] [ERROR] Screenshot capture skipped: no such window: target window already closed
from unknown error: web view not found
  (Session info: MicrosoftEdge=142.0.3595.94)
Build info: version: '4.35.0', revision: '1c58e5028b'
System info: os.name: 'Windows 11', os.arch: 'amd64', os.version: '10.0', java.version: '24'
Driver info: org.openqa.selenium.edge.EdgeDriver
Command: [68e34d9c30d79dd030a88b2a4db3d1a0, screenshot {}]
Capabilities {acceptInsecureCerts: false, browserName: MicrosoftEdge, browserVersion: 142.0.3595.94, fedcm:accounts: true, goog:processID: 29204, ms:edgeOptions: {debuggerAddress: localhost:53551}, msedge: {msedgedriverVersion: 142.0.3595.94 (6565d6e52817..., userDataDir: C:\Users\ASUS\AppData\Local...}, networkConnectionEnabled: false, pageLoadStrategy: normal, platformName: windows, proxy: Proxy(), se:cdp: ws://localhost:53551/devtoo..., se:cdpVersion: 142.0.3595.94, setWindowRect: true, strictFileInteractability: false, timeouts: {implicit: 0, pageLoad: 300000, script: 30000}, unhandledPromptBehavior: dismiss and notify, webauthn:extension:credBlob: true, webauthn:extension:largeBlob: true, webauthn:extension:minPinLength: true, webauthn:extension:prf: true, webauthn:virtualAuthenticators: true}
Session ID: 68e34d9c30d79dd030a88b2a4db3d1a0
[04:53:57 pm] [INFO] Step [Passed]: And the user waits for "10" seconds 
[04:53:57 pm] [ERROR] Screenshot capture skipped: no such window: target window already closed
from unknown error: web view not found
  (Session info: MicrosoftEdge=142.0.3595.94)
Build info: version: '4.35.0', revision: '1c58e5028b'
System info: os.name: 'Windows 11', os.arch: 'amd64', os.version: '10.0', java.version: '24'
Driver info: org.openqa.selenium.edge.EdgeDriver
Command: [68e34d9c30d79dd030a88b2a4db3d1a0, screenshot {}]
Capabilities {acceptInsecureCerts: false, browserName: MicrosoftEdge, browserVersion: 142.0.3595.94, fedcm:accounts: true, goog:processID: 29204, ms:edgeOptions: {debuggerAddress: localhost:53551}, msedge: {msedgedriverVersion: 142.0.3595.94 (6565d6e52817..., userDataDir: C:\Users\ASUS\AppData\Local...}, networkConnectionEnabled: false, pageLoadStrategy: normal, platformName: windows, proxy: Proxy(), se:cdp: ws://localhost:53551/devtoo..., se:cdpVersion: 142.0.3595.94, setWindowRect: true, strictFileInteractability: false, timeouts: {implicit: 0, pageLoad: 300000, script: 30000}, unhandledPromptBehavior: dismiss and notify, webauthn:extension:credBlob: true, webauthn:extension:largeBlob: true, webauthn:extension:minPinLength: true, webauthn:extension:prf: true, webauthn:virtualAuthenticators: true}
Session ID: 68e34d9c30d79dd030a88b2a4db3d1a0
[04:53:57 pm] [DEBUG] Save core properties part
[04:53:57 pm] [DEBUG] Save content types part
[04:53:58 pm] [DEBUG] Save package relationships
[04:53:58 pm] [DEBUG] Save part 'docProps/app.xml'
[04:53:58 pm] [DEBUG] Save part 'docProps/core.xml'
[04:53:58 pm] [DEBUG] Save part 'word/document.xml'
[04:53:58 pm] [DEBUG] Save part 'word/media/image1.png'
[04:53:58 pm] [DEBUG] Save part 'word/media/image2.png'
[04:53:58 pm] [DEBUG] Save part 'word/media/image3.png'
[04:53:58 pm] [DEBUG] Save part 'word/media/image4.png'
[04:53:58 pm] [DEBUG] Save part 'word/settings.xml'
