[04:55:43 pm] [INFO] <=== Starting Scenario: check windowhandles ===>
[04:55:48 pm] [INFO] Step [Passed]: Launch "WindowHandlePage" WebPage
[04:55:48 pm] [INFO] Step [Passed]: User click the "Tab_Button" element at "WHPage" page
[04:55:50 pm] [INFO] Step [Passed]: And the user waits for "2" seconds 
[04:55:51 pm] [INFO] Step [Passed]: Then the user switch to "firstWindow"
[04:55:51 pm] [ERROR] Screenshot capture skipped: no such window: target window already closed
from unknown error: web view not found
  (Session info: MicrosoftEdge=142.0.3595.94)
Build info: version: '4.35.0', revision: '1c58e5028b'
System info: os.name: 'Windows 11', os.arch: 'amd64', os.version: '10.0', java.version: '24'
Driver info: org.openqa.selenium.edge.EdgeDriver
Command: [65b59e7e6ddac55357bb22a52cc4776e, screenshot {}]
Capabilities {acceptInsecureCerts: false, browserName: MicrosoftEdge, browserVersion: 142.0.3595.94, fedcm:accounts: true, goog:processID: 26064, ms:edgeOptions: {debuggerAddress: localhost:49254}, msedge: {msedgedriverVersion: 142.0.3595.94 (6565d6e52817..., userDataDir: C:\Users\ASUS\AppData\Local...}, networkConnectionEnabled: false, pageLoadStrategy: normal, platformName: windows, proxy: Proxy(), se:cdp: ws://localhost:49254/devtoo..., se:cdpVersion: 142.0.3595.94, setWindowRect: true, strictFileInteractability: false, timeouts: {implicit: 0, pageLoad: 300000, script: 30000}, unhandledPromptBehavior: dismiss and notify, webauthn:extension:credBlob: true, webauthn:extension:largeBlob: true, webauthn:extension:minPinLength: true, webauthn:extension:prf: true, webauthn:virtualAuthenticators: true}
Session ID: 65b59e7e6ddac55357bb22a52cc4776e
[04:55:56 pm] [INFO] Step [Passed]: And the user waits for "5" seconds 
[04:55:56 pm] [ERROR] Screenshot capture skipped: no such window: target window already closed
from unknown error: web view not found
  (Session info: MicrosoftEdge=142.0.3595.94)
Build info: version: '4.35.0', revision: '1c58e5028b'
System info: os.name: 'Windows 11', os.arch: 'amd64', os.version: '10.0', java.version: '24'
Driver info: org.openqa.selenium.edge.EdgeDriver
Command: [65b59e7e6ddac55357bb22a52cc4776e, screenshot {}]
Capabilities {acceptInsecureCerts: false, browserName: MicrosoftEdge, browserVersion: 142.0.3595.94, fedcm:accounts: true, goog:processID: 26064, ms:edgeOptions: {debuggerAddress: localhost:49254}, msedge: {msedgedriverVersion: 142.0.3595.94 (6565d6e52817..., userDataDir: C:\Users\ASUS\AppData\Local...}, networkConnectionEnabled: false, pageLoadStrategy: normal, platformName: windows, proxy: Proxy(), se:cdp: ws://localhost:49254/devtoo..., se:cdpVersion: 142.0.3595.94, setWindowRect: true, strictFileInteractability: false, timeouts: {implicit: 0, pageLoad: 300000, script: 30000}, unhandledPromptBehavior: dismiss and notify, webauthn:extension:credBlob: true, webauthn:extension:largeBlob: true, webauthn:extension:minPinLength: true, webauthn:extension:prf: true, webauthn:virtualAuthenticators: true}
Session ID: 65b59e7e6ddac55357bb22a52cc4776e
[04:55:56 pm] [INFO] Step [Passed]: Then the user switch to "parentwindow"
[04:55:56 pm] [INFO] Step [Passed]: User click the "Tab_Button" element at "WHPage" page
[04:56:02 pm] [INFO] Step [Passed]: And the user waits for "5" seconds 
[04:56:02 pm] [DEBUG] Save core properties part
[04:56:02 pm] [DEBUG] Save content types part
[04:56:02 pm] [DEBUG] Save package relationships
[04:56:02 pm] [DEBUG] Save part 'docProps/app.xml'
[04:56:02 pm] [DEBUG] Save part 'docProps/core.xml'
[04:56:02 pm] [DEBUG] Save part 'word/document.xml'
[04:56:02 pm] [DEBUG] Save part 'word/media/image1.png'
[04:56:02 pm] [DEBUG] Save part 'word/media/image2.png'
[04:56:02 pm] [DEBUG] Save part 'word/media/image3.png'
[04:56:02 pm] [DEBUG] Save part 'word/media/image4.png'
[04:56:02 pm] [DEBUG] Save part 'word/settings.xml'
