[03:17:19 pm] [INFO] <=== Starting Scenario: check windowhandles ===>
[03:17:21 pm] [INFO] Step [Passed]: Launch "alertspage" WebPage
[03:17:22 pm] [INFO] Step [Passed]: User click the "click" element at "WHPage" page
[03:17:22 pm] [ERROR] Screenshot capture skipped: unexpected alert open: {Alert text : Hello world!}
  (Session info: MicrosoftEdge=142.0.3595.94): Hello world!
Build info: version: '4.35.0', revision: '1c58e5028b'
System info: os.name: 'Windows 11', os.arch: 'amd64', os.version: '10.0', java.version: '24'
Driver info: org.openqa.selenium.edge.EdgeDriver
Command: [b711316035e543ed1d4ce3b90a05a7df, screenshot {}]
Capabilities {acceptInsecureCerts: false, browserName: MicrosoftEdge, browserVersion: 142.0.3595.94, fedcm:accounts: true, goog:processID: 12344, ms:edgeOptions: {debuggerAddress: localhost:63836}, msedge: {msedgedriverVersion: 142.0.3595.94 (6565d6e52817..., userDataDir: C:\Users\ASUS\AppData\Local...}, networkConnectionEnabled: false, pageLoadStrategy: normal, platformName: windows, proxy: Proxy(), se:cdp: ws://localhost:63836/devtoo..., se:cdpVersion: 142.0.3595.94, setWindowRect: true, strictFileInteractability: false, timeouts: {implicit: 0, pageLoad: 300000, script: 30000}, unhandledPromptBehavior: dismiss and notify, webauthn:extension:credBlob: true, webauthn:extension:largeBlob: true, webauthn:extension:minPinLength: true, webauthn:extension:prf: true, webauthn:virtualAuthenticators: true}
Session ID: b711316035e543ed1d4ce3b90a05a7df
[03:17:32 pm] [INFO] Step [Passed]: Then the user switches to alert and click OK button
[03:17:32 pm] [DEBUG] Save core properties part
[03:17:32 pm] [DEBUG] Save content types part
[03:17:32 pm] [DEBUG] Save package relationships
[03:17:32 pm] [DEBUG] Save part 'docProps/app.xml'
[03:17:32 pm] [DEBUG] Save part 'docProps/core.xml'
[03:17:32 pm] [DEBUG] Save part 'word/document.xml'
[03:17:32 pm] [DEBUG] Save part 'word/media/image1.png'
[03:17:32 pm] [DEBUG] Save part 'word/media/image2.png'
[03:17:32 pm] [DEBUG] Save part 'word/settings.xml'
