[03:21:44 pm] [INFO] <=== Starting Scenario: check windowhandles ===>
[03:21:46 pm] [INFO] Step [Passed]: Launch "alertspage" WebPage
[03:21:47 pm] [INFO] Step [Passed]: User click the "click" element at "WHPage" page
[03:21:52 pm] [INFO] Step [Passed]: Then the user switches to alert and get text from alertbox
[03:21:52 pm] [ERROR] Screenshot capture skipped: unexpected alert open: {Alert text : Hello just appeared}
  (Session info: MicrosoftEdge=142.0.3595.94): Hello just appeared
Build info: version: '4.35.0', revision: '1c58e5028b'
System info: os.name: 'Windows 11', os.arch: 'amd64', os.version: '10.0', java.version: '24'
Driver info: org.openqa.selenium.edge.EdgeDriver
Command: [3af5486d8c76fbdb68dc7403df9ea8db, screenshot {}]
Capabilities {acceptInsecureCerts: false, browserName: MicrosoftEdge, browserVersion: 142.0.3595.94, fedcm:accounts: true, goog:processID: 15340, ms:edgeOptions: {debuggerAddress: localhost:60743}, msedge: {msedgedriverVersion: 142.0.3595.94 (6565d6e52817..., userDataDir: C:\Users\ASUS\AppData\Local...}, networkConnectionEnabled: false, pageLoadStrategy: normal, platformName: windows, proxy: Proxy(), se:cdp: ws://localhost:60743/devtoo..., se:cdpVersion: 142.0.3595.94, setWindowRect: true, strictFileInteractability: false, timeouts: {implicit: 0, pageLoad: 300000, script: 30000}, unhandledPromptBehavior: dismiss and notify, webauthn:extension:credBlob: true, webauthn:extension:largeBlob: true, webauthn:extension:minPinLength: true, webauthn:extension:prf: true, webauthn:virtualAuthenticators: true}
Session ID: 3af5486d8c76fbdb68dc7403df9ea8db
[03:21:52 pm] [DEBUG] Save core properties part
[03:21:52 pm] [DEBUG] Save content types part
[03:21:52 pm] [DEBUG] Save package relationships
[03:21:52 pm] [DEBUG] Save part 'docProps/app.xml'
[03:21:52 pm] [DEBUG] Save part 'docProps/core.xml'
[03:21:52 pm] [DEBUG] Save part 'word/document.xml'
[03:21:52 pm] [DEBUG] Save part 'word/media/image1.png'
[03:21:52 pm] [DEBUG] Save part 'word/media/image2.png'
[03:21:52 pm] [DEBUG] Save part 'word/settings.xml'
