[04:12:14 pm] [INFO] <=== Starting Scenario: check windowhandles ===>
[04:12:20 pm] [INFO] Step [Passed]: Launch "alertspage" WebPage
[04:12:20 pm] [INFO] Step [Passed]: User click the "click" element at "WHPage" page
[04:12:20 pm] [INFO]  Alert detected — skipping screenshot for this step: User click the "click" element at "WHPage" page
[04:12:20 pm] [INFO] Step [Passed]: Then the user switches to alert and click OK button
[04:12:20 pm] [INFO] Step [Passed]: User click the "click" element at "WHPage" page
[04:12:20 pm] [INFO]  Alert detected — skipping screenshot for this step: User click the "click" element at "WHPage" page
[04:12:20 pm] [INFO] Step [Passed]: Then the user switches to alert and get text from alertbox
[04:12:20 pm] [INFO]  Alert detected — skipping screenshot for this step: Then the user switches to alert and get text from alertbox
[04:12:20 pm] [INFO] Step [Passed]: Then the user switches to alert and click CANCEL button
[04:12:21 pm] [DEBUG] Save core properties part
[04:12:21 pm] [DEBUG] Save content types part
[04:12:21 pm] [DEBUG] Save package relationships
[04:12:21 pm] [DEBUG] Save part 'docProps/app.xml'
[04:12:21 pm] [DEBUG] Save part 'docProps/core.xml'
[04:12:21 pm] [DEBUG] Save part 'word/document.xml'
[04:12:21 pm] [DEBUG] Save part 'word/media/image1.png'
[04:12:21 pm] [DEBUG] Save part 'word/media/image2.png'
[04:12:21 pm] [DEBUG] Save part 'word/settings.xml'
[04:12:21 pm] [INFO] [TestNG] Time taken by org.testng.reporters.jq.Main@45cd7bc5: 41 ms
[04:12:21 pm] [INFO] [TestNG] Time taken by org.testng.reporters.FailedReporter@29fa6b65: 1 ms
[04:12:21 pm] [INFO] [TestNG] Time taken by org.testng.reporters.XMLReporter@1cdc1bbc: 7 ms
[04:12:21 pm] [INFO] [TestNG] Time taken by org.testng.reporters.EmailableReporter2@51b01550: 5 ms
[04:12:21 pm] [INFO] [TestNG] Time taken by org.testng.reporters.JUnitReportReporter@43c87306: 5 ms
[04:12:21 pm] [INFO] [TestNG] Time taken by org.testng.internal.ExitCodeListener@14f40030: 0 ms
