[10:13:52 pm] [INFO] <=== Starting Scenario: Launch expired_page ===>
[10:13:55 pm] [INFO] Step [Passed]: Launch "expired_page" WebPage
[10:14:05 pm] [INFO] Step [Passed]: And the user waits for "10" seconds 
[10:14:05 pm] [ERROR] Screenshot capture skipped: invalid session id: session deleted as the browser has closed the connection
from disconnected: not connected to DevTools
  (Session info: MicrosoftEdge=140.0.3485.66)
Build info: version: '4.35.0', revision: '1c58e5028b'
System info: os.name: 'Windows 11', os.arch: 'amd64', os.version: '10.0', java.version: '24'
Driver info: org.openqa.selenium.edge.EdgeDriver
Command: [0a61656c17473d936152e9a9c1122c85, screenshot {}]
Capabilities {acceptInsecureCerts: false, browserName: MicrosoftEdge, browserVersion: 140.0.3485.66, fedcm:accounts: true, ms:edgeOptions: {debuggerAddress: localhost:63174}, msedge: {msedgedriverVersion: 140.0.3485.66 (bdccd021a49b..., userDataDir: C:\Users\ASUS\AppData\Local...}, networkConnectionEnabled: false, pageLoadStrategy: normal, platformName: windows, proxy: Proxy(), se:cdp: ws://localhost:63174/devtoo..., se:cdpVersion: 140.0.3485.66, setWindowRect: true, strictFileInteractability: false, timeouts: {implicit: 0, pageLoad: 300000, script: 30000}, unhandledPromptBehavior: dismiss and notify, webauthn:extension:credBlob: true, webauthn:extension:largeBlob: true, webauthn:extension:minPinLength: true, webauthn:extension:prf: true, webauthn:virtualAuthenticators: true}
Session ID: 0a61656c17473d936152e9a9c1122c85
[10:14:05 pm] [DEBUG] Save core properties part
[10:14:05 pm] [DEBUG] Save content types part
[10:14:05 pm] [DEBUG] Save package relationships
[10:14:05 pm] [DEBUG] Save part 'docProps/app.xml'
[10:14:05 pm] [DEBUG] Save part 'docProps/core.xml'
[10:14:05 pm] [DEBUG] Save part 'word/document.xml'
[10:14:05 pm] [DEBUG] Save part 'word/media/image1.png'
[10:14:05 pm] [DEBUG] Save part 'word/settings.xml'
[10:14:05 pm] [INFO] [TestNG] Time taken by org.testng.reporters.jq.Main@6e43ddd6: 48 ms
[10:14:05 pm] [INFO] [TestNG] Time taken by org.testng.reporters.FailedReporter@1507c3c3: 1 ms
[10:14:05 pm] [INFO] [TestNG] Time taken by org.testng.reporters.XMLReporter@4f0cab0a: 8 ms
[10:14:05 pm] [INFO] [TestNG] Time taken by org.testng.reporters.EmailableReporter2@27fe9713: 4 ms
[10:14:05 pm] [INFO] [TestNG] Time taken by org.testng.reporters.JUnitReportReporter@3e4e4c1: 4 ms
[10:14:05 pm] [INFO] [TestNG] Time taken by org.testng.internal.ExitCodeListener@7e7f3cfd: 0 ms
