[11:14:01 pm] [INFO] <=== Starting Scenario: User bypasses SSL warning ===>
[11:14:03 pm] [INFO] Step [Passed]: Launch "expired_page" WebPage
[11:14:06 pm] [INFO] Step [Passed]: When the user clicks the Advanced option and clicks Proceed
[11:14:06 pm] [INFO] Step [Passed]: And the user validate the page title with"expired.badssl.com"
[11:14:16 pm] [INFO] Step [Passed]: And the user waits for "10" seconds 
[11:14:16 pm] [DEBUG] Save core properties part
[11:14:16 pm] [DEBUG] Save content types part
[11:14:16 pm] [DEBUG] Save package relationships
[11:14:16 pm] [DEBUG] Save part 'docProps/app.xml'
[11:14:16 pm] [DEBUG] Save part 'docProps/core.xml'
[11:14:16 pm] [DEBUG] Save part 'word/document.xml'
[11:14:16 pm] [DEBUG] Save part 'word/media/image1.png'
[11:14:16 pm] [DEBUG] Save part 'word/media/image2.png'
[11:14:16 pm] [DEBUG] Save part 'word/settings.xml'
[11:14:17 pm] [INFO] [TestNG] Time taken by org.testng.reporters.jq.Main@78a0ff63: 56 ms
[11:14:17 pm] [INFO] [TestNG] Time taken by org.testng.reporters.FailedReporter@326d27ac: 2 ms
[11:14:17 pm] [INFO] [TestNG] Time taken by org.testng.reporters.XMLReporter@7ad1caa2: 8 ms
[11:14:17 pm] [INFO] [TestNG] Time taken by org.testng.reporters.EmailableReporter2@6c6017b9: 6 ms
[11:14:17 pm] [INFO] [TestNG] Time taken by org.testng.reporters.JUnitReportReporter@35a0e495: 6 ms
[11:14:17 pm] [INFO] [TestNG] Time taken by org.testng.internal.ExitCodeListener@5399f6c5: 1 ms
