[11:25:08 pm] [INFO] <=== Starting Scenario: User bypasses SSL warning ===>
[11:25:11 pm] [INFO] Step [Passed]: Launch "expired_page" WebPage
[11:25:13 pm] [INFO] Step [Passed]: When the user clicks the Advanced option and clicks Proceed
[11:25:14 pm] [INFO] Step [Passed]: And the user validate the page title with"expired.badssl.com"
[11:25:14 pm] [INFO] Step [Passed]: Then the user validate the page URL with"https://expired.badssl.com/"
[11:25:14 pm] [DEBUG] Save core properties part
[11:25:14 pm] [DEBUG] Save content types part
[11:25:14 pm] [DEBUG] Save package relationships
[11:25:14 pm] [DEBUG] Save part 'docProps/app.xml'
[11:25:14 pm] [DEBUG] Save part 'docProps/core.xml'
[11:25:14 pm] [DEBUG] Save part 'word/document.xml'
[11:25:14 pm] [DEBUG] Save part 'word/media/image1.png'
[11:25:14 pm] [DEBUG] Save part 'word/media/image2.png'
[11:25:14 pm] [DEBUG] Save part 'word/settings.xml'
[11:25:15 pm] [INFO] [TestNG] Time taken by org.testng.reporters.jq.Main@2503ec73: 54 ms
[11:25:15 pm] [INFO] [TestNG] Time taken by org.testng.reporters.FailedReporter@44b21f9f: 1 ms
[11:25:15 pm] [INFO] [TestNG] Time taken by org.testng.reporters.XMLReporter@59ce792e: 6 ms
[11:25:15 pm] [INFO] [TestNG] Time taken by org.testng.reporters.EmailableReporter2@57f847af: 5 ms
[11:25:15 pm] [INFO] [TestNG] Time taken by org.testng.reporters.JUnitReportReporter@4afbb6c2: 4 ms
[11:25:15 pm] [INFO] [TestNG] Time taken by org.testng.internal.ExitCodeListener@10db6131: 0 ms
