[11:48:04 pm] [INFO] <=== Starting Scenario: User bypasses SSL warning ===>
[11:48:06 pm] [INFO] Step [Passed]: Launch "expired_page" WebPage
[11:48:08 pm] [INFO] Step [Passed]: When the user clicks the Advanced option and clicks Proceed
[11:48:09 pm] [INFO] Step [Passed]: And the user validate the page title with"expired.badssl.com"
[11:48:09 pm] [INFO] Step [Passed]: Then the user validate the page URL with"https://expired.badssl.com/"
[11:48:09 pm] [DEBUG] Save core properties part
[11:48:09 pm] [DEBUG] Save content types part
[11:48:09 pm] [DEBUG] Save package relationships
[11:48:09 pm] [DEBUG] Save part 'docProps/app.xml'
[11:48:09 pm] [DEBUG] Save part 'docProps/core.xml'
[11:48:09 pm] [DEBUG] Save part 'word/document.xml'
[11:48:09 pm] [DEBUG] Save part 'word/media/image1.png'
[11:48:09 pm] [DEBUG] Save part 'word/media/image2.png'
[11:48:09 pm] [DEBUG] Save part 'word/settings.xml'
[11:48:10 pm] [INFO] [TestNG] Time taken by org.testng.reporters.jq.Main@606f81b5: 77 ms
[11:48:10 pm] [INFO] [TestNG] Time taken by org.testng.reporters.FailedReporter@7ee8130e: 1 ms
[11:48:10 pm] [INFO] [TestNG] Time taken by org.testng.reporters.XMLReporter@4860827a: 8 ms
[11:48:10 pm] [INFO] [TestNG] Time taken by org.testng.reporters.EmailableReporter2@3ed34ef5: 5 ms
[11:48:10 pm] [INFO] [TestNG] Time taken by org.testng.reporters.JUnitReportReporter@10db6131: 4 ms
[11:48:10 pm] [INFO] [TestNG] Time taken by org.testng.internal.ExitCodeListener@6c6017b9: 1 ms
