[12:30:39 am] [INFO] <=== Starting Scenario: User bypasses SSL warning ===>
[12:30:43 am] [INFO] Step [Passed]: Launch "koenigsegg_page" WebPage
[12:30:44 am] [INFO] Step [Passed]: When the user clicks the Advanced option and clicks Proceed
[12:30:44 am] [INFO] Step [Passed]: And the user validate the page title with"Home - Koenigsegg"
[12:30:45 am] [INFO] Step [Passed]: Then the user validate the page URL with"https://www.koenigsegg.com/home"
[12:30:45 am] [DEBUG] Save core properties part
[12:30:45 am] [DEBUG] Save content types part
[12:30:45 am] [DEBUG] Save package relationships
[12:30:45 am] [DEBUG] Save part 'docProps/app.xml'
[12:30:45 am] [DEBUG] Save part 'docProps/core.xml'
[12:30:45 am] [DEBUG] Save part 'word/document.xml'
[12:30:45 am] [DEBUG] Save part 'word/media/image1.png'
[12:30:45 am] [DEBUG] Save part 'word/media/image2.png'
[12:30:45 am] [DEBUG] Save part 'word/settings.xml'
[12:30:46 am] [INFO] [TestNG] Time taken by org.testng.reporters.jq.Main@5349b246: 37 ms
[12:30:46 am] [INFO] [TestNG] Time taken by org.testng.reporters.FailedReporter@39bbd9e0: 1 ms
[12:30:46 am] [INFO] [TestNG] Time taken by org.testng.reporters.XMLReporter@43fda8d9: 5 ms
[12:30:46 am] [INFO] [TestNG] Time taken by org.testng.reporters.EmailableReporter2@7c601d50: 4 ms
[12:30:46 am] [INFO] [TestNG] Time taken by org.testng.reporters.JUnitReportReporter@661d88a: 3 ms
[12:30:46 am] [INFO] [TestNG] Time taken by org.testng.internal.ExitCodeListener@4b0b64cc: 0 ms
