[04:42:58 am] [INFO] <=== Starting Scenario: check windowhandles ===>
[04:43:03 am] [INFO] Step [Passed]: Launch "WindowHandlePage" WebPage
[04:43:03 am] [INFO] Step [Passed]: User click the "Window_Button" element at "WHPage" page
[04:43:03 am] [INFO] Step [Passed]: And the user validate the page title with"Window Handles Practice - H Y R Tutorials"
[04:43:05 am] [INFO] Step [Passed]: Then the user switch to "firstWindow"
[04:43:10 am] [INFO] Step [Passed]: And the user waits for "5" seconds 
[04:43:10 am] [INFO] Step [Passed]: And the user validate the page title with"Basic Controls - H Y R Tutorials"
[04:43:11 am] [INFO] Step [Passed]: Then the user switch to "parentwindow"
[04:43:16 am] [INFO] Step [Passed]: And the user waits for "5" seconds 
[04:43:16 am] [INFO] Step [Passed]: And the user validate the page title with"Window Handles Practice - H Y R Tutorials"
[04:43:16 am] [INFO] Step [Passed]: User click the "Tab_Button" element at "WHPage" page
[04:43:21 am] [INFO] Step [Passed]: And the user waits for "5" seconds 
[04:43:21 am] [INFO] Step [Passed]: And the user Get the text from"text" in "WHPage" page
[04:43:22 am] [INFO] Step [Passed]: And the user Get the AttributeValue "placeholder" from "inputField" in "WHPage" page
[04:43:22 am] [INFO] Step [Passed]: Then the user switch to "firstWindow"
[04:43:27 am] [INFO] Step [Passed]: And the user waits for "5" seconds 
[04:43:27 am] [INFO] Step [Passed]: And the user validate the page title with"Basic Controls - H Y R Tutorials"
[04:43:27 am] [DEBUG] Save core properties part
[04:43:27 am] [DEBUG] Save content types part
[04:43:27 am] [DEBUG] Save package relationships
[04:43:27 am] [DEBUG] Save part 'docProps/app.xml'
[04:43:27 am] [DEBUG] Save part 'docProps/core.xml'
[04:43:27 am] [DEBUG] Save part 'word/document.xml'
[04:43:27 am] [DEBUG] Save part 'word/media/image1.png'
[04:43:27 am] [DEBUG] Save part 'word/media/image2.png'
[04:43:27 am] [DEBUG] Save part 'word/media/image3.png'
[04:43:27 am] [DEBUG] Save part 'word/media/image4.png'
[04:43:28 am] [DEBUG] Save part 'word/media/image5.png'
[04:43:28 am] [DEBUG] Save part 'word/media/image6.png'
[04:43:28 am] [DEBUG] Save part 'word/media/image7.png'
[04:43:28 am] [DEBUG] Save part 'word/media/image8.png'
[04:43:28 am] [DEBUG] Save part 'word/settings.xml'
