[04:47:48 am] [INFO] <=== Starting Scenario: check windowhandles ===>
[04:47:54 am] [INFO] Step [Passed]: Launch "WindowHandlePage" WebPage
[04:47:55 am] [INFO] Step [Passed]: User click the "Window_Button" element at "WHPage" page
[04:47:55 am] [INFO] Step [Passed]: And the user validate the page title with"Window Handles Practice - H Y R Tutorials"
[04:47:57 am] [INFO] Step [Passed]: Then the user switch to "firstWindow"
[04:48:02 am] [INFO] Step [Passed]: And the user waits for "5" seconds 
[04:48:02 am] [INFO] Step [Passed]: And the user validate the page title with"Basic Controls - H Y R Tutorials"
[04:48:02 am] [INFO] Step [Passed]: Then the user switch to "parentwindow"
[04:48:07 am] [INFO] Step [Passed]: And the user waits for "5" seconds 
[04:48:08 am] [INFO] Step [Passed]: And the user validate the page title with"Window Handles Practice - H Y R Tutorials"
[04:48:08 am] [INFO] Step [Passed]: User click the "Tab_Button" element at "WHPage" page
[04:48:13 am] [INFO] Step [Passed]: And the user waits for "5" seconds 
[04:48:13 am] [INFO] Step [Passed]: And the user Get the text from"text" in "WHPage" page
[04:48:13 am] [INFO] Step [Passed]: And the user Get the AttributeValue "placeholder" from "inputField" in "WHPage" page
[04:48:13 am] [INFO] Step [Passed]: Then the user switch to "firstWindow"
[04:48:19 am] [INFO] Step [Passed]: And the user waits for "5" seconds 
[04:48:19 am] [INFO] Step [Passed]: And the user validate the page title with"Basic Controls - H Y R Tutorials"
[04:48:19 am] [DEBUG] Save core properties part
[04:48:19 am] [DEBUG] Save content types part
[04:48:19 am] [DEBUG] Save package relationships
[04:48:19 am] [DEBUG] Save part 'docProps/app.xml'
[04:48:19 am] [DEBUG] Save part 'docProps/core.xml'
[04:48:19 am] [DEBUG] Save part 'word/document.xml'
[04:48:19 am] [DEBUG] Save part 'word/media/image1.png'
[04:48:19 am] [DEBUG] Save part 'word/media/image2.png'
[04:48:19 am] [DEBUG] Save part 'word/media/image3.png'
[04:48:19 am] [DEBUG] Save part 'word/media/image4.png'
[04:48:19 am] [DEBUG] Save part 'word/media/image5.png'
[04:48:19 am] [DEBUG] Save part 'word/media/image6.png'
[04:48:19 am] [DEBUG] Save part 'word/media/image7.png'
[04:48:19 am] [DEBUG] Save part 'word/media/image8.png'
[04:48:19 am] [DEBUG] Save part 'word/media/image9.png'
[04:48:19 am] [DEBUG] Save part 'word/media/image10.png'
[04:48:19 am] [DEBUG] Save part 'word/settings.xml'
