[03:47:07 am] [INFO] <=== Starting Scenario: check windowhandles ===>
[03:47:13 am] [INFO] Step [Passed]: Launch "WindowHandlePage" WebPage
[03:47:14 am] [INFO] Step [Passed]: User click the "Window_Button" element at "WHPage" page
[03:47:14 am] [INFO] Step [Passed]: And the user validate the page title with"Window Handles Practice - H Y R Tutorials"
[03:47:19 am] [INFO] Step [Passed]: And the user waits for "5" seconds 
[03:47:19 am] [INFO] Step [Passed]: Then the user switch to "firstWindow"
[03:47:20 am] [INFO] Step [Passed]: And the user validate the page title with"Basic Controls - H Y R Tutorials"
[03:47:20 am] [INFO] Step [Passed]: Then the user switch to "parentwindow"
[03:47:25 am] [INFO] Step [Passed]: And the user waits for "5" seconds 
[03:47:25 am] [INFO] Step [Passed]: And the user validate the page title with"Window Handles Practice - H Y R Tutorials"
[03:47:25 am] [DEBUG] Save core properties part
[03:47:25 am] [DEBUG] Save content types part
[03:47:25 am] [DEBUG] Save package relationships
[03:47:25 am] [DEBUG] Save part 'docProps/app.xml'
[03:47:25 am] [DEBUG] Save part 'docProps/core.xml'
[03:47:25 am] [DEBUG] Save part 'word/document.xml'
[03:47:25 am] [DEBUG] Save part 'word/media/image1.png'
[03:47:25 am] [DEBUG] Save part 'word/media/image2.png'
[03:47:25 am] [DEBUG] Save part 'word/media/image3.png'
[03:47:25 am] [DEBUG] Save part 'word/settings.xml'
