[03:40:57 am] [INFO] <=== Starting Scenario: check windowhandles ===>
[03:41:01 am] [INFO] Step [Passed]: Launch "WindowHandlePage" WebPage
[03:41:02 am] [INFO] Step [Passed]: User click the "Window_Button" element at "WHPage" page
[03:41:02 am] [INFO] Step [Passed]: And the user validate the page title with"Window Handles Practice - H Y R Tutorials"
[03:41:07 am] [INFO] Step [Passed]: And the user waits for "5" seconds 
[03:41:07 am] [INFO] Step [Passed]: Then the user switch to "firstWindow"
[03:41:08 am] [INFO] Step [Passed]: And the user validate the page title with"Basic Controls - H Y R Tutorials"
[03:41:08 am] [INFO] Step [Passed]: Then the user switch to "parentwindow"
[03:41:13 am] [INFO] Step [Passed]: And the user waits for "5" seconds 
[03:41:13 am] [DEBUG] Save core properties part
[03:41:13 am] [DEBUG] Save content types part
[03:41:13 am] [DEBUG] Save package relationships
[03:41:13 am] [DEBUG] Save part 'docProps/app.xml'
[03:41:13 am] [DEBUG] Save part 'docProps/core.xml'
[03:41:13 am] [DEBUG] Save part 'word/document.xml'
[03:41:13 am] [DEBUG] Save part 'word/media/image1.png'
[03:41:13 am] [DEBUG] Save part 'word/media/image2.png'
[03:41:13 am] [DEBUG] Save part 'word/media/image3.png'
[03:41:13 am] [DEBUG] Save part 'word/media/image4.png'
[03:41:13 am] [DEBUG] Save part 'word/media/image5.png'
[03:41:13 am] [DEBUG] Save part 'word/media/image6.png'
[03:41:13 am] [DEBUG] Save part 'word/media/image7.png'
[03:41:13 am] [DEBUG] Save part 'word/media/image8.png'
[03:41:13 am] [DEBUG] Save part 'word/settings.xml'
